[2025-12-18 18:34:19] Found record id=6 kode=RC-20251218-44496 | enc_len phone=68 trans=1
[2025-12-18 18:34:19] No transaksi_encrypted present for id=6
[2025-12-18 18:34:22] Found record id=6 kode=RC-20251218-44496 | enc_len phone=68 trans=1
[2025-12-18 18:34:22] No transaksi_encrypted present for id=6
[2025-12-18 18:34:23] Found record id=6 kode=RC-20251218-44496 | enc_len phone=68 trans=1
[2025-12-18 18:34:23] No transaksi_encrypted present for id=6
[2025-12-18 18:34:24] Found record id=6 kode=RC-20251218-44496 | enc_len phone=68 trans=1
[2025-12-18 18:34:24] No transaksi_encrypted present for id=6
[2025-12-18 18:34:43] Found record id=6 kode=RC-20251218-44496 | enc_len phone=68 trans=1
[2025-12-18 18:34:43] No transaksi_encrypted present for id=6
[2025-12-18 18:34:44] Found record id=6 kode=RC-20251218-44496 | enc_len phone=68 trans=1
[2025-12-18 18:34:44] No transaksi_encrypted present for id=6
[2025-12-18 18:34:45] Found record id=6 kode=RC-20251218-44496 | enc_len phone=68 trans=1
[2025-12-18 18:34:45] No transaksi_encrypted present for id=6
[2025-12-18 18:34:45] Found record id=6 kode=RC-20251218-44496 | enc_len phone=68 trans=1
[2025-12-18 18:34:45] No transaksi_encrypted present for id=6
[2025-12-18 18:34:45] Found record id=6 kode=RC-20251218-44496 | enc_len phone=68 trans=1
[2025-12-18 18:34:45] No transaksi_encrypted present for id=6
[2025-12-18 18:37:36] Search request kode=RC-20251218-44496 | validate=ok
[2025-12-18 18:37:36] Query returned rows=1 for service_records
[2025-12-18 18:37:36] Found record id=6 kode=RC-20251218-44496 | enc_len phone=68 trans=1
[2025-12-18 18:37:36] No transaksi_encrypted present for id=6
[2025-12-18 18:37:38] Search request kode=RC-20251218-44496 | validate=ok
[2025-12-18 18:37:38] Query returned rows=1 for service_records
[2025-12-18 18:37:38] Found record id=6 kode=RC-20251218-44496 | enc_len phone=68 trans=1
[2025-12-18 18:37:38] No transaksi_encrypted present for id=6
[2025-12-18 18:37:41] Search request kode=RC-20251218-44496 | validate=ok
[2025-12-18 18:37:41] Query returned rows=1 for service_records
[2025-12-18 18:37:41] Found record id=6 kode=RC-20251218-44496 | enc_len phone=68 trans=1
[2025-12-18 18:37:41] No transaksi_encrypted present for id=6
[2025-12-18 18:38:17] Search request kode=RC-20251218-44496 | validate=ok
[2025-12-18 18:38:17] Query returned rows=1 for service_records
[2025-12-18 18:38:17] Found record id=6 kode=RC-20251218-44496 | enc_len phone=68 trans=1
[2025-12-18 18:38:17] No transaksi_encrypted present for id=6
[2025-12-18 18:42:16] Search request kode=RC-20251218-44496 | validate=ok
[2025-12-18 18:42:16] Query returned rows=1 for service_records
[2025-12-18 18:42:16] Found record id=6 kode=RC-20251218-44496 | enc_len phone=68 trans=1
[2025-12-18 18:42:16] No transaksi_encrypted present for id=6
[2025-12-18 18:42:19] Search request kode=RC-20251218-44496 | validate=ok
[2025-12-18 18:42:19] Query returned rows=1 for service_records
[2025-12-18 18:42:19] Found record id=6 kode=RC-20251218-44496 | enc_len phone=68 trans=1
[2025-12-18 18:42:19] No transaksi_encrypted present for id=6
[2025-12-18 18:42:20] Search request kode=RC-20251218-44496 | validate=ok
[2025-12-18 18:42:20] Query returned rows=1 for service_records
[2025-12-18 18:42:20] Found record id=6 kode=RC-20251218-44496 | enc_len phone=68 trans=1
[2025-12-18 18:42:20] No transaksi_encrypted present for id=6
[2025-12-18 18:42:21] Search request kode=RC-20251218-44496 | validate=ok
[2025-12-18 18:42:21] Query returned rows=1 for service_records
[2025-12-18 18:42:21] Found record id=6 kode=RC-20251218-44496 | enc_len phone=68 trans=1
[2025-12-18 18:42:21] No transaksi_encrypted present for id=6
[2025-12-19 07:01:25] Search request kode=RC-20251218-44496 | validate=ok
[2025-12-19 07:01:25] Query returned rows=1 for service_records
[2025-12-19 07:01:25] Found record id=6 kode=RC-20251218-44496 | enc_len phone=68 trans=1
[2025-12-19 07:01:25] No transaksi_encrypted present for id=6
[2025-12-19 07:01:27] Search request kode=RC-20251218-44496 | validate=ok
[2025-12-19 07:01:27] Query returned rows=1 for service_records
[2025-12-19 07:01:27] Found record id=6 kode=RC-20251218-44496 | enc_len phone=68 trans=1
[2025-12-19 07:01:27] No transaksi_encrypted present for id=6
[2025-12-19 07:01:33] Search request kode=RC-20251218-44496 | validate=ok
[2025-12-19 07:01:33] Query returned rows=1 for service_records
[2025-12-19 07:01:33] Found record id=6 kode=RC-20251218-44496 | enc_len phone=68 trans=1
[2025-12-19 07:01:33] No transaksi_encrypted present for id=6
[2025-12-19 07:16:07] Search request kode=RC-20251218-91305 | validate=ok
[2025-12-19 07:16:07] Query returned rows=1 for service_records
[2025-12-19 07:16:07] Found record id=8 kode=RC-20251218-91305 | enc_len phone=68 trans=1
[2025-12-19 07:16:07] No transaksi_encrypted present for id=8
[2025-12-19 07:16:11] Search request kode=RC-20251218-91305 | validate=ok
[2025-12-19 07:16:11] Query returned rows=1 for service_records
[2025-12-19 07:16:11] Found record id=8 kode=RC-20251218-91305 | enc_len phone=68 trans=1
[2025-12-19 07:16:11] No transaksi_encrypted present for id=8
[2025-12-19 07:16:12] Search request kode=RC-20251218-91305 | validate=ok
[2025-12-19 07:16:12] Query returned rows=1 for service_records
[2025-12-19 07:16:12] Found record id=8 kode=RC-20251218-91305 | enc_len phone=68 trans=1
[2025-12-19 07:16:12] No transaksi_encrypted present for id=8
[2025-12-19 07:16:12] Search request kode=RC-20251218-91305 | validate=ok
[2025-12-19 07:16:12] Query returned rows=1 for service_records
[2025-12-19 07:16:12] Found record id=8 kode=RC-20251218-91305 | enc_len phone=68 trans=1
[2025-12-19 07:16:12] No transaksi_encrypted present for id=8
[2025-12-19 07:17:39] Search request kode=RC-20251219-59105 | validate=ok
[2025-12-19 07:17:39] Query returned rows=1 for service_records
[2025-12-19 07:17:39] Found record id=9 kode=RC-20251219-59105 | enc_len phone=68 trans=1
[2025-12-19 07:17:39] No transaksi_encrypted present for id=9
[2025-12-19 07:17:40] Search request kode=RC-20251219-59105 | validate=ok
[2025-12-19 07:17:40] Query returned rows=1 for service_records
[2025-12-19 07:17:40] Found record id=9 kode=RC-20251219-59105 | enc_len phone=68 trans=1
[2025-12-19 07:17:40] No transaksi_encrypted present for id=9
[2025-12-19 07:17:41] Search request kode=RC-20251219-59105 | validate=ok
[2025-12-19 07:17:41] Query returned rows=1 for service_records
[2025-12-19 07:17:41] Found record id=9 kode=RC-20251219-59105 | enc_len phone=68 trans=1
[2025-12-19 07:17:41] No transaksi_encrypted present for id=9
[2025-12-19 07:21:56] Search request kode=RC-20251219-59105 | validate=ok
[2025-12-19 07:21:56] Query returned rows=1 for service_records
[2025-12-19 07:21:56] Found record id=9 kode=RC-20251219-59105 | enc_len phone=68 trans=1
[2025-12-19 07:21:56] No transaksi_encrypted present for id=9
[2025-12-19 07:21:57] Search request kode=RC-20251219-59105 | validate=ok
[2025-12-19 07:21:57] Query returned rows=1 for service_records
[2025-12-19 07:21:57] Found record id=9 kode=RC-20251219-59105 | enc_len phone=68 trans=1
[2025-12-19 07:21:57] No transaksi_encrypted present for id=9
[2025-12-19 07:22:00] Search request kode=RC-20251219-59105 | validate=ok
[2025-12-19 07:22:00] Query returned rows=1 for service_records
[2025-12-19 07:22:00] Found record id=9 kode=RC-20251219-59105 | enc_len phone=68 trans=1
[2025-12-19 07:22:00] No transaksi_encrypted present for id=9
[2025-12-19 07:22:59] Search request kode=RC-20251219-23697 | validate=ok
[2025-12-19 07:22:59] Query returned rows=1 for service_records
[2025-12-19 07:22:59] Found record id=10 kode=RC-20251219-23697 | enc_len phone=68 trans=1
[2025-12-19 07:22:59] No transaksi_encrypted present for id=10
[2025-12-19 08:06:05] Search request kode=RC-20251219-62488 | validate=ok
[2025-12-19 08:06:05] Query returned rows=1 for service_records
[2025-12-19 08:06:05] Found record id=13 kode=RC-20251219-62488 | enc_len phone=68 trans=180
[2025-12-19 08:06:05] Decrypted transaksi id=13 (truncated): {"biaya_service":200000,"metode_pembayaran":"Cash","created_by":"fakhri afif"}
[2025-12-19 08:06:05] Decoded keys for id=13: ["biaya_service","metode_pembayaran","created_by"] | biaya=200000
[2025-12-19 08:06:08] Search request kode=RC-20251219-62488 | validate=ok
[2025-12-19 08:06:08] Query returned rows=1 for service_records
[2025-12-19 08:06:08] Found record id=13 kode=RC-20251219-62488 | enc_len phone=68 trans=180
[2025-12-19 08:06:08] Decrypted transaksi id=13 (truncated): {"biaya_service":200000,"metode_pembayaran":"Cash","created_by":"fakhri afif"}
[2025-12-19 08:06:08] Decoded keys for id=13: ["biaya_service","metode_pembayaran","created_by"] | biaya=200000
[2025-12-19 08:06:10] Search request kode=RC-20251219-62488 | validate=ok
[2025-12-19 08:06:10] Query returned rows=1 for service_records
[2025-12-19 08:06:10] Found record id=13 kode=RC-20251219-62488 | enc_len phone=68 trans=180
[2025-12-19 08:06:10] Decrypted transaksi id=13 (truncated): {"biaya_service":200000,"metode_pembayaran":"Cash","created_by":"fakhri afif"}
[2025-12-19 08:06:10] Decoded keys for id=13: ["biaya_service","metode_pembayaran","created_by"] | biaya=200000
[2025-12-19 08:19:54] Search request kode=RC-20251219-19685 | validate=ok
[2025-12-19 08:19:54] Query returned rows=1 for service_records
[2025-12-19 08:19:54] Found record id=15 kode=RC-20251219-19685 | enc_len phone=68 trans=208
[2025-12-19 08:19:54] Using biaya_int for id=15: 200000
[2025-12-19 08:19:55] Search request kode=RC-20251219-19685 | validate=ok
[2025-12-19 08:19:55] Query returned rows=1 for service_records
[2025-12-19 08:19:55] Found record id=15 kode=RC-20251219-19685 | enc_len phone=68 trans=208
[2025-12-19 08:19:55] Using biaya_int for id=15: 200000
[2025-12-19 08:19:58] Search request kode=RC-20251219-19685 | validate=ok
[2025-12-19 08:19:58] Query returned rows=1 for service_records
[2025-12-19 08:19:58] Found record id=15 kode=RC-20251219-19685 | enc_len phone=68 trans=208
[2025-12-19 08:19:58] Using biaya_int for id=15: 200000
[2025-12-19 08:30:24] Search request kode=RC-20251219-19685 | validate=invalid
[2025-12-19 08:30:24] Query returned rows=0 for service_records
[2025-12-19 08:30:24] Query returned rows=0 for trash
[2025-12-19 08:30:31] Search request kode=RC-20251219-19685 | validate=ok
[2025-12-19 08:30:31] Query returned rows=1 for service_records
[2025-12-19 08:30:31] Found record id=15 kode=RC-20251219-19685 | enc_len phone=68 trans=208
[2025-12-19 08:30:31] Using biaya_int for id=15: 200000
[2025-12-19 08:32:26] Search request kode=RC-20251219-19685 | validate=ok
[2025-12-19 08:32:26] Query returned rows=1 for service_records
[2025-12-19 08:32:26] Found record id=15 kode=RC-20251219-19685 | enc_len phone=68 trans=208
[2025-12-19 08:32:26] Using biaya_int for id=15: 200000
[2025-12-19 08:36:22] Search request kode=RC-20251219-19685 | validate=ok
[2025-12-19 08:36:22] Query returned rows=1 for service_records
[2025-12-19 08:36:22] Found record id=15 kode=RC-20251219-19685 | enc_len phone=68 trans=208
[2025-12-19 08:36:22] Using biaya_int for id=15: 200000
[2025-12-19 08:38:33] Search request kode=RC-20251219-19685 | validate=ok
[2025-12-19 08:38:33] Query returned rows=1 for service_records
[2025-12-19 08:38:33] Found record id=15 kode=RC-20251219-19685 | enc_len phone=68 trans=208
[2025-12-19 08:38:33] Using biaya_int for id=15: 200000
[2025-12-19 08:45:51] Search request kode=RC-20251219-19685 | validate=ok
[2025-12-19 08:45:51] Query returned rows=1 for service_records
[2025-12-19 08:45:51] Found record id=15 kode=RC-20251219-19685 | enc_len phone=68 trans=208
[2025-12-19 08:45:51] Using biaya_int for id=15: 200000
[2025-12-19 08:47:41] Search request kode=RC-20251219-01446 | validate=ok
[2025-12-19 08:47:41] Query returned rows=1 for service_records
[2025-12-19 08:47:41] Found record id=16 kode=RC-20251219-01446 | enc_len phone=68 trans=208
[2025-12-19 08:47:41] Using biaya_int for id=16: 150000
[2025-12-19 08:52:01] Search request kode=RC-20251219-01446 | validate=ok
[2025-12-19 08:52:01] Query returned rows=1 for service_records
[2025-12-19 08:52:03] Search request kode=RC-20251219-01446 | validate=ok
[2025-12-19 08:52:03] Query returned rows=1 for service_records
[2025-12-19 08:52:30] Search request kode=RC-20251219-01446 | validate=ok
[2025-12-19 08:52:30] Query returned rows=1 for service_records
[2025-12-19 08:52:53] Search request kode=RC-20251219-01446 | validate=ok
[2025-12-19 08:52:53] Query returned rows=1 for service_records
[2025-12-19 08:54:23] Search request kode=RC-20251219-01446 | validate=ok
[2025-12-19 08:54:23] Query returned rows=1 for service_records
[2025-12-19 08:54:23] Computed status for id=16: aktif (expired_raw=2026-01-18)
[2025-12-19 08:54:23] Found record id=16 kode=RC-20251219-01446 | enc_len phone=68 trans=208
[2025-12-19 08:54:23] Using biaya_int for id=16: 150000
[2025-12-19 08:54:33] Search request kode=RC-20251219-19685 | validate=ok
[2025-12-19 08:54:33] Query returned rows=1 for service_records
[2025-12-19 08:54:33] Computed status for id=15: aktif (expired_raw=2026-01-10)
[2025-12-19 08:54:33] Found record id=15 kode=RC-20251219-19685 | enc_len phone=68 trans=208
[2025-12-19 08:54:33] Using biaya_int for id=15: 200000
[2025-12-19 09:02:27] Search request kode=RC-20251219-19685 | validate=ok
[2025-12-19 09:02:27] Query returned rows=1 for service_records
[2025-12-19 09:02:27] Computed status for id=15: aktif (expired_raw=2026-01-10)
[2025-12-19 09:02:27] Found record id=15 kode=RC-20251219-19685 | enc_len phone=68 trans=208
[2025-12-19 09:02:27] Using biaya_int for id=15: 200000
[2025-12-19 09:07:19] Search request kode=RC-20251219-19685 | validate=ok
[2025-12-19 09:07:19] Query returned rows=1 for service_records
[2025-12-19 09:07:19] Computed status for id=15: aktif (expired_raw=2026-01-10)
[2025-12-19 09:07:19] Found record id=15 kode=RC-20251219-19685 | enc_len phone=68 trans=208
[2025-12-19 09:07:19] Using biaya_int for id=15: 200000
[2025-12-19 09:12:29] Search request kode=RC-20251219-19685 | validate=ok
[2025-12-19 09:12:29] Query returned rows=1 for service_records
[2025-12-19 09:12:29] Computed status for id=15: aktif (expired_raw=2026-01-10)
[2025-12-19 09:12:29] Found record id=15 kode=RC-20251219-19685 | enc_len phone=68 trans=208
[2025-12-19 09:12:29] Using biaya_int for id=15: 200000
[2025-12-19 09:16:14] Search request kode=RC-20251219-19685 | validate=ok
[2025-12-19 09:16:14] Query returned rows=1 for service_records
[2025-12-19 09:16:14] Checking status for id=15: expired_raw=2026-01-10, today=2025-12-19
[2025-12-19 09:16:14] Status computed for id=15: aktif (expired=2026-01-10, is_active=true)
[2025-12-19 09:16:14] Found record id=15 kode=RC-20251219-19685 | enc_len phone=68 trans=208
[2025-12-19 09:16:14] Using biaya_int for id=15: 200000
[2025-12-19 09:16:18] Search request kode=RC-20251219-19685 | validate=ok
[2025-12-19 09:16:18] Query returned rows=1 for service_records
[2025-12-19 09:16:18] Checking status for id=15: expired_raw=2026-01-10, today=2025-12-19
[2025-12-19 09:16:18] Status computed for id=15: aktif (expired=2026-01-10, is_active=true)
[2025-12-19 09:16:18] Found record id=15 kode=RC-20251219-19685 | enc_len phone=68 trans=208
[2025-12-19 09:16:18] Using biaya_int for id=15: 200000
[2025-12-19 09:16:20] Search request kode=RC-20251219-19685 | validate=ok
[2025-12-19 09:16:20] Query returned rows=1 for service_records
[2025-12-19 09:16:20] Checking status for id=15: expired_raw=2026-01-10, today=2025-12-19
[2025-12-19 09:16:20] Status computed for id=15: aktif (expired=2026-01-10, is_active=true)
[2025-12-19 09:16:20] Found record id=15 kode=RC-20251219-19685 | enc_len phone=68 trans=208
[2025-12-19 09:16:20] Using biaya_int for id=15: 200000
[2025-12-19 09:16:32] Search request kode=RC-20251219-19685 | validate=ok
[2025-12-19 09:16:32] Query returned rows=1 for service_records
[2025-12-19 09:16:32] Checking status for id=15: expired_raw=2026-01-10, today=2025-12-19
[2025-12-19 09:16:32] Status computed for id=15: aktif (expired=2026-01-10, is_active=true)
[2025-12-19 09:16:32] Found record id=15 kode=RC-20251219-19685 | enc_len phone=68 trans=208
[2025-12-19 09:16:32] Using biaya_int for id=15: 200000
[2025-12-21 17:09:58] Search request kode=RC-20251221-50080 | validate=ok
[2025-12-21 17:09:58] Query returned rows=1 for service_records
[2025-12-21 17:09:58] Checking status for id=8: expired_raw=2026-01-20, today=2025-12-21
[2025-12-21 17:09:58] Status computed for id=8: aktif (expired=2026-01-20, is_active=true)
[2025-12-21 17:09:58] Found record id=8 kode=RC-20251221-50080 | enc_len phone=68 trans=264
[2025-12-21 17:09:58] Using biaya_int for id=8: 250000
[2025-12-21 17:12:27] Search request kode=RC-20251221-50080 | validate=ok
[2025-12-21 17:12:27] Query returned rows=1 for service_records
[2025-12-21 17:12:27] Checking status for id=8: expired_raw=2026-01-20, today=2025-12-21
[2025-12-21 17:12:27] Status computed for id=8: aktif (expired=2026-01-20, today=2025-12-21, is_active=true)
[2025-12-21 17:12:27] Found record id=8 kode=RC-20251221-50080 | enc_len phone=68 trans=264
[2025-12-21 17:12:27] Using biaya_int for id=8: 250000
[2025-12-21 17:12:28] Search request kode=RC-20251221-50080 | validate=ok
[2025-12-21 17:12:28] Query returned rows=1 for service_records
[2025-12-21 17:12:28] Checking status for id=8: expired_raw=2026-01-20, today=2025-12-21
[2025-12-21 17:12:28] Status computed for id=8: aktif (expired=2026-01-20, today=2025-12-21, is_active=true)
[2025-12-21 17:12:28] Found record id=8 kode=RC-20251221-50080 | enc_len phone=68 trans=264
[2025-12-21 17:12:28] Using biaya_int for id=8: 250000
[2025-12-21 17:12:31] Search request kode=RC-20251221-50080 | validate=ok
[2025-12-21 17:12:31] Query returned rows=1 for service_records
[2025-12-21 17:12:31] Checking status for id=8: expired_raw=2026-01-20, today=2025-12-21
[2025-12-21 17:12:31] Status computed for id=8: aktif (expired=2026-01-20, today=2025-12-21, is_active=true)
[2025-12-21 17:12:31] Found record id=8 kode=RC-20251221-50080 | enc_len phone=68 trans=264
[2025-12-21 17:12:31] Using biaya_int for id=8: 250000
[2025-12-21 17:12:32] Search request kode=RC-20251221-50080 | validate=ok
[2025-12-21 17:12:32] Query returned rows=1 for service_records
[2025-12-21 17:12:32] Checking status for id=8: expired_raw=2026-01-20, today=2025-12-21
[2025-12-21 17:12:32] Status computed for id=8: aktif (expired=2026-01-20, today=2025-12-21, is_active=true)
[2025-12-21 17:12:32] Found record id=8 kode=RC-20251221-50080 | enc_len phone=68 trans=264
[2025-12-21 17:12:32] Using biaya_int for id=8: 250000
[2025-12-21 17:12:33] Search request kode=RC-20251221-50080 | validate=ok
[2025-12-21 17:12:33] Query returned rows=1 for service_records
[2025-12-21 17:12:33] Checking status for id=8: expired_raw=2026-01-20, today=2025-12-21
[2025-12-21 17:12:33] Status computed for id=8: aktif (expired=2026-01-20, today=2025-12-21, is_active=true)
[2025-12-21 17:12:33] Found record id=8 kode=RC-20251221-50080 | enc_len phone=68 trans=264
[2025-12-21 17:12:33] Using biaya_int for id=8: 250000
[2025-12-21 17:12:33] Search request kode=RC-20251221-50080 | validate=ok
[2025-12-21 17:12:33] Query returned rows=1 for service_records
[2025-12-21 17:12:33] Checking status for id=8: expired_raw=2026-01-20, today=2025-12-21
[2025-12-21 17:12:33] Status computed for id=8: aktif (expired=2026-01-20, today=2025-12-21, is_active=true)
[2025-12-21 17:12:33] Found record id=8 kode=RC-20251221-50080 | enc_len phone=68 trans=264
[2025-12-21 17:12:33] Using biaya_int for id=8: 250000
[2025-12-21 17:12:39] Search request kode=RC-20251221-50080 | validate=invalid
[2025-12-21 17:12:39] Query returned rows=0 for service_records
[2025-12-21 17:12:39] Query returned rows=0 for trash
[2025-12-21 17:12:44] Search request kode=RC-20251221-50080 | validate=ok
[2025-12-21 17:12:44] Query returned rows=1 for service_records
[2025-12-21 17:12:44] Checking status for id=8: expired_raw=2026-01-20, today=2025-12-21
[2025-12-21 17:12:44] Status computed for id=8: aktif (expired=2026-01-20, today=2025-12-21, is_active=true)
[2025-12-21 17:12:44] Found record id=8 kode=RC-20251221-50080 | enc_len phone=68 trans=264
[2025-12-21 17:12:44] Using biaya_int for id=8: 250000
[2025-12-21 17:18:03] Search request kode=RC-20251221-50080 | validate=ok
[2025-12-21 17:18:03] Query returned rows=1 for service_records
[2025-12-21 17:18:03] Checking status for id=8: expired_raw=2026-01-20, today=2025-12-21
[2025-12-21 17:18:03] Status computed for id=8: aktif (expired=2026-01-20, today=2025-12-21, is_active=true)
[2025-12-21 17:18:03] Found record id=8 kode=RC-20251221-50080 | enc_len phone=68 trans=264 | status=aktif
[2025-12-21 17:18:03] Using biaya_int for id=8: 250000
[2025-12-21 17:18:03] Before display prep: status=aktif (type: string)
[2025-12-21 17:18:03] Display mapping: status_raw='NOT SET', status_trimmed='unknown'
[2025-12-21 17:18:03] WARNING: Status masuk else block! status='unknown', result[status]='NOT SET'
[2025-12-21 17:19:16] Search request kode=RC-20251221-82779 | validate=ok
[2025-12-21 17:19:16] Query returned rows=1 for service_records
[2025-12-21 17:19:16] Checking status for id=9: expired_raw=2026-01-20, today=2025-12-21
[2025-12-21 17:19:16] Status computed for id=9: aktif (expired=2026-01-20, today=2025-12-21, is_active=true)
[2025-12-21 17:19:16] Found record id=9 kode=RC-20251221-82779 | enc_len phone=68 trans=208 | status=aktif
[2025-12-21 17:19:16] Using biaya_int for id=9: 50000
[2025-12-21 17:19:16] Before display prep: status=aktif (type: string)
[2025-12-21 17:19:16] Display mapping: status_raw='NOT SET', status_trimmed='unknown'
[2025-12-21 17:19:16] WARNING: Status masuk else block! status='unknown', result[status]='NOT SET'
[2025-12-21 17:22:23] Search request kode=RC-20251221-82779 | validate=ok
[2025-12-21 17:22:23] Query returned rows=1 for service_records
[2025-12-21 17:22:23] Checking status for id=9: expired_raw=2026-01-20, today=2025-12-21
[2025-12-21 17:22:23] Status computed for id=9: aktif (expired=2026-01-20, today=2025-12-21, is_active=true)
[2025-12-21 17:22:23] Found record id=9 kode=RC-20251221-82779 | enc_len phone=68 trans=208 | status=aktif
[2025-12-21 17:22:23] Using biaya_int for id=9: 50000
[2025-12-21 17:22:23] Before display prep: status=aktif (type: string)
[2025-12-21 17:25:16] Search request kode=RC-20251221-82779 | validate=ok
[2025-12-21 17:25:16] Query returned rows=1 for service_records
[2025-12-21 17:25:16] Checking status for id=9: expired_raw=2026-01-20, today=2025-12-21
[2025-12-21 17:25:16] Status computed for id=9: aktif (expired=2026-01-20, today=2025-12-21, is_active=true)
[2025-12-21 17:25:16] Found record id=9 kode=RC-20251221-82779 | enc_len phone=68 trans=208 | status=aktif
[2025-12-21 17:25:16] Using biaya_int for id=9: 50000
[2025-12-21 17:25:16] Before display prep: status=aktif (type: string)
[2025-12-21 17:25:16] Search request kode=RC-20251221-82779 | validate=ok
[2025-12-21 17:25:16] Query returned rows=1 for service_records
[2025-12-21 17:25:16] Checking status for id=9: expired_raw=2026-01-20, today=2025-12-21
[2025-12-21 17:25:16] Status computed for id=9: aktif (expired=2026-01-20, today=2025-12-21, is_active=true)
[2025-12-21 17:25:16] Found record id=9 kode=RC-20251221-82779 | enc_len phone=68 trans=208 | status=aktif
[2025-12-21 17:25:16] Using biaya_int for id=9: 50000
[2025-12-21 17:25:16] Before display prep: status=aktif (type: string)
[2025-12-21 17:25:16] Search request kode=RC-20251221-82779 | validate=ok
[2025-12-21 17:25:16] Query returned rows=1 for service_records
[2025-12-21 17:25:16] Checking status for id=9: expired_raw=2026-01-20, today=2025-12-21
[2025-12-21 17:25:16] Status computed for id=9: aktif (expired=2026-01-20, today=2025-12-21, is_active=true)
[2025-12-21 17:25:16] Found record id=9 kode=RC-20251221-82779 | enc_len phone=68 trans=208 | status=aktif
[2025-12-21 17:25:16] Using biaya_int for id=9: 50000
[2025-12-21 17:25:16] Before display prep: status=aktif (type: string)
[2025-12-21 17:25:17] Search request kode=RC-20251221-82779 | validate=ok
[2025-12-21 17:25:17] Query returned rows=1 for service_records
[2025-12-21 17:25:17] Checking status for id=9: expired_raw=2026-01-20, today=2025-12-21
[2025-12-21 17:25:17] Status computed for id=9: aktif (expired=2026-01-20, today=2025-12-21, is_active=true)
[2025-12-21 17:25:17] Found record id=9 kode=RC-20251221-82779 | enc_len phone=68 trans=208 | status=aktif
[2025-12-21 17:25:17] Using biaya_int for id=9: 50000
[2025-12-21 17:25:17] Before display prep: status=aktif (type: string)
[2025-12-21 17:25:39] Search request kode=RC-20251221-82779 | validate=ok
[2025-12-21 17:25:39] Query returned rows=1 for service_records
[2025-12-21 17:25:39] Checking status for id=9: expired_raw=2026-01-20, today=2025-12-21
[2025-12-21 17:25:39] Status computed for id=9: aktif (expired=2026-01-20, today=2025-12-21, is_active=true)
[2025-12-21 17:25:39] Found record id=9 kode=RC-20251221-82779 | enc_len phone=68 trans=208 | status=aktif
[2025-12-21 17:25:39] Using biaya_int for id=9: 50000
[2025-12-21 17:25:39] Before display prep: status=aktif (type: string)
[2025-12-21 17:25:44] Search request kode=RC-20251221-50080 | validate=invalid
[2025-12-21 17:25:44] Query returned rows=0 for service_records
[2025-12-21 17:25:44] Query returned rows=0 for trash
[2025-12-21 17:25:47] Search request kode=RC-20251221-50080 | validate=ok
[2025-12-21 17:25:47] Query returned rows=1 for service_records
[2025-12-21 17:25:47] Checking status for id=8: expired_raw=2026-01-20, today=2025-12-21
[2025-12-21 17:25:47] Status computed for id=8: aktif (expired=2026-01-20, today=2025-12-21, is_active=true)
[2025-12-21 17:25:47] Found record id=8 kode=RC-20251221-50080 | enc_len phone=68 trans=264 | status=aktif
[2025-12-21 17:25:47] Using biaya_int for id=8: 250000
[2025-12-21 17:25:47] Before display prep: status=aktif (type: string)
[2025-12-22 04:48:44] Search request kode=RC-20251221-82779 | validate=ok
[2025-12-22 04:48:44] Query returned rows=1 for service_records
[2025-12-22 04:48:44] Checking status for id=9: expired_raw=2026-01-20, today=2025-12-22
[2025-12-22 04:48:44] Status computed for id=9: aktif (expired=2026-01-20, today=2025-12-22, is_active=true)
[2025-12-22 04:48:44] Found record id=9 kode=RC-20251221-82779 | enc_len phone=68 trans=208 | status=aktif
[2025-12-22 04:48:44] Using biaya_int for id=9: 50000
[2025-12-22 04:48:44] Before display prep: status=aktif (type: string)
[2025-12-22 04:54:15] Search request kode=RC-20251221-82779 | validate=ok
[2025-12-22 04:54:15] Query returned rows=1 for service_records
[2025-12-22 04:54:15] Checking status for id=9: expired_raw=2026-01-20, today=2025-12-22
[2025-12-22 04:54:15] Status computed for id=9: aktif (expired=2026-01-20, today=2025-12-22, is_active=true)
[2025-12-22 04:54:15] Found record id=9 kode=RC-20251221-82779 | enc_len phone=68 trans=208 | status=aktif
[2025-12-22 04:54:15] Using biaya_int for id=9: 50000
[2025-12-22 04:54:15] Before display prep: status=aktif (type: string)
[2025-12-22 04:57:18] Search request kode=RC-20251221-82779 | validate=ok
[2025-12-22 04:57:18] Query returned rows=1 for service_records
[2025-12-22 04:57:18] Checking status for id=9: expired_raw=2026-01-20, today=2025-12-22
[2025-12-22 04:57:18] Status computed for id=9: aktif (expired=2026-01-20, today=2025-12-22, is_active=true)
[2025-12-22 04:57:18] Found record id=9 kode=RC-20251221-82779 | enc_len phone=68 trans=208 | status=aktif
[2025-12-22 04:57:18] Using biaya_int for id=9: 50000
[2025-12-22 04:57:18] Before display prep: status=aktif (type: string)
[2025-12-22 04:57:18] Display section: result keys=0
[2025-12-22 04:57:18] Display section: original_tanggal_expired='2026-01-20'
[2025-12-22 04:57:18] Display section: tanggal_expired from result='NOT SET'
[2025-12-22 04:57:18] Display section: expired_raw=2026-01-20, today=2025-12-22
[2025-12-22 04:57:18] Display section: status calculated = aktif (expired=2026-01-20, today=2025-12-22)
[2025-12-22 04:57:18] Display section: Final status = aktif
[2025-12-22 05:01:48] Search request kode=RC-20251222-11311 | validate=ok
[2025-12-22 05:01:48] Query returned rows=0 for service_records
[2025-12-22 05:01:48] Query returned rows=1 for trash
[2025-12-22 05:01:48] Found (trash) id=7 kode=RC-20251222-11311 | enc_len phone=68 trans=208
[2025-12-22 05:01:48] Decrypted transaksi (trash) id=7 (truncated): {"biaya_service":25000,"catatan":"","metode_pembayaran":"Cash","created_by":"Administrator"}
[2025-12-22 05:01:48] Decoded keys (trash) for id=7: ["biaya_service","catatan","metode_pembayaran","created_by"] | biaya=25000
[2025-12-22 05:01:48] Before display prep: status=expired (type: string)
[2025-12-22 05:01:48] Display section: result keys=0
[2025-12-22 05:01:48] Display section: original_tanggal_expired='2025-10-08'
[2025-12-22 05:01:48] Display section: tanggal_expired from result='NOT SET'
[2025-12-22 05:01:48] Display section: expired_raw=2025-10-08, today=2025-12-22
[2025-12-22 05:01:48] Display section: status calculated = expired (expired=2025-10-08, today=2025-12-22)
[2025-12-22 05:01:48] Display section: Final status = expired
[2026-01-05 04:14:29] Search request kode=RC-20251222-11311 | validate=ok
[2026-01-05 04:14:29] Query returned rows=0 for service_records
[2026-01-05 04:14:29] Query returned rows=1 for trash
[2026-01-05 04:14:29] Found (trash) id=7 kode=RC-20251222-11311 | enc_len phone=68 trans=208
[2026-01-05 04:14:29] Decrypted transaksi (trash) id=7 (truncated): {"biaya_service":25000,"catatan":"","metode_pembayaran":"Cash","created_by":"Administrator"}
[2026-01-05 04:14:29] Decoded keys (trash) for id=7: ["biaya_service","catatan","metode_pembayaran","created_by"] | biaya=25000
[2026-01-05 04:14:29] Before display prep: status=expired (type: string)
[2026-01-05 04:14:29] Display section: result keys=0
[2026-01-05 04:14:29] Display section: original_tanggal_expired='2025-10-08'
[2026-01-05 04:14:29] Display section: tanggal_expired from result='NOT SET'
[2026-01-05 04:14:29] Display section: expired_raw=2025-10-08, today=2026-01-05
[2026-01-05 04:14:29] Display section: status calculated = expired (expired=2025-10-08, today=2026-01-05)
[2026-01-05 04:14:29] Display section: Final status = expired
[2026-01-05 04:14:47] Search request kode=RC-20251221-50080 | validate=ok
[2026-01-05 04:14:47] Query returned rows=1 for service_records
[2026-01-05 04:14:47] Checking status for id=8: expired_raw=2026-01-20, today=2026-01-05
[2026-01-05 04:14:47] Status computed for id=8: aktif (expired=2026-01-20, today=2026-01-05, is_active=true)
[2026-01-05 04:14:47] Found record id=8 kode=RC-20251221-50080 | enc_len phone=68 trans=264 | status=aktif
[2026-01-05 04:14:47] Using biaya_int for id=8: 250000
[2026-01-05 04:14:47] Before display prep: status=aktif (type: string)
[2026-01-05 04:14:47] Display section: result keys=0
[2026-01-05 04:14:47] Display section: original_tanggal_expired='2026-01-20'
[2026-01-05 04:14:47] Display section: tanggal_expired from result='NOT SET'
[2026-01-05 04:14:47] Display section: expired_raw=2026-01-20, today=2026-01-05
[2026-01-05 04:14:47] Display section: status calculated = aktif (expired=2026-01-20, today=2026-01-05)
[2026-01-05 04:14:47] Display section: Final status = aktif
[2026-01-05 04:15:33] Search request kode=RC-20251222-11311 | validate=ok
[2026-01-05 04:15:33] Query returned rows=0 for service_records
[2026-01-05 04:15:33] Query returned rows=1 for trash
[2026-01-05 04:15:33] Found (trash) id=7 kode=RC-20251222-11311 | enc_len phone=68 trans=208
[2026-01-05 04:15:33] Decrypted transaksi (trash) id=7 (truncated): {"biaya_service":25000,"catatan":"","metode_pembayaran":"Cash","created_by":"Administrator"}
[2026-01-05 04:15:33] Decoded keys (trash) for id=7: ["biaya_service","catatan","metode_pembayaran","created_by"] | biaya=25000
[2026-01-05 04:15:33] Before display prep: status=expired (type: string)
[2026-01-05 04:15:33] Display section: result keys=0
[2026-01-05 04:15:33] Display section: original_tanggal_expired='2025-10-08'
[2026-01-05 04:15:33] Display section: tanggal_expired from result='NOT SET'
[2026-01-05 04:15:33] Display section: expired_raw=2025-10-08, today=2026-01-05
[2026-01-05 04:15:33] Display section: status calculated = expired (expired=2025-10-08, today=2026-01-05)
[2026-01-05 04:15:33] Display section: Final status = expired
